<?xml version="1.0" encoding="UTF-8"?>
<!-- Generated by org.testng.reporters.JUnitReportReporter -->
<testsuite hostname="DESKTOP-C3VHK6N" failures="0" tests="1" name="SmilegateProject.MavenTest.OnstoveTest" time="16.419" errors="0" timestamp="2024-12-01T13:10:22 ICT" skipped="0">
  <testcase classname="SmilegateProject.MavenTest.OnstoveTest" name="test3ValidateAnItemInDropdownList" time="16.419"/>
</testsuite> <!-- SmilegateProject.MavenTest.OnstoveTest -->
