<?xml version="1.0" encoding="UTF-8"?>
<!-- Generated by org.testng.reporters.JUnitReportReporter -->
<testsuite hostname="DESKTOP-C3VHK6N" failures="0" tests="2" name="SmilegateProject.MavenTest.AppTest" time="0.014" errors="0" timestamp="2024-11-29T11:34:57 ICT" skipped="0">
  <testcase classname="SmilegateProject.MavenTest.AppTest" name="sum" time="0.002"/>
  <testcase classname="SmilegateProject.MavenTest.AppTest" name="sub" time="0.012"/>
</testsuite> <!-- SmilegateProject.MavenTest.AppTest -->
