<?xml version="1.0" encoding="UTF-8"?>
<!-- Generated by org.testng.reporters.JUnitReportReporter -->
<testsuite hostname="DESKTOP-C3VHK6N" failures="0" tests="3" name="SmilegateProject.MavenTest.LoginTest" time="12.869" errors="0" timestamp="2024-11-29T16:19:14 ICT" skipped="0">
  <testcase classname="SmilegateProject.MavenTest.LoginTest" name="loginWithEmptyUserNameAndPassword" time="4.071"/>
  <testcase classname="SmilegateProject.MavenTest.LoginTest" name="loginWithInvalidEmail" time="4.177"/>
  <testcase classname="SmilegateProject.MavenTest.LoginTest" name="loginWithExactlyPassword" time="4.621"/>
</testsuite> <!-- SmilegateProject.MavenTest.LoginTest -->
